<?xml version="1.0" encoding="UTF-8"?>
<!-- Generated by org.testng.reporters.JUnitReportReporter -->
<testsuite skipped="0" hostname="Hp" name="test.DemoClass2Test" tests="4" failures="0" timestamp="15 Oct 2019 18:12:47 GMT" time="0.040" errors="0">
  <testcase name="SubstractTest" time="0.005" classname="test.DemoClass2Test"/>
  <testcase name="divTest" time="0.000" classname="test.DemoClass2Test"/>
  <testcase name="multiTest" time="0.025" classname="test.DemoClass2Test"/>
  <testcase name="sumTest" time="0.010" classname="test.DemoClass2Test"/>
</testsuite> <!-- test.DemoClass2Test -->
