<?xml version="1.0" encoding="UTF-8"?>
<!-- Generated by org.testng.reporters.JUnitReportReporter -->
<testsuite skipped="0" hostname="Hp" name="test.DemoClassTest" tests="4" failures="0" timestamp="15 Oct 2019 18:12:47 GMT" time="0.035" errors="0">
  <testcase name="divTest" time="0.005" classname="test.DemoClassTest"/>
  <testcase name="multiTest" time="0.015" classname="test.DemoClassTest"/>
  <testcase name="SubstractTest" time="0.005" classname="test.DemoClassTest"/>
  <testcase name="sumTest" time="0.010" classname="test.DemoClassTest"/>
</testsuite> <!-- test.DemoClassTest -->
